

<!DOCTYPE html>
<html>
<head>
<meta charset="UTF-8">
<meta name="viewport" content="width=device-width, initial-scale=1, shrink-to-fit=no">
<title>Extent Report</title>
<link rel="apple-touch-icon" href="https://cdn.jsdelivr.net/gh/extent-framework/extent-github-cdn@b00a2d0486596e73dd7326beacf352c639623a0e/commons/img/logo.png">
<link rel="shortcut icon" href="https://cdn.jsdelivr.net/gh/extent-framework/extent-github-cdn@b00a2d0486596e73dd7326beacf352c639623a0e/commons/img/logo.png">
<link href="https://cdn.jsdelivr.net/gh/extent-framework/extent-github-cdn@d6562a79075e061305ccfdb82f01e5e195e2d307/spark/css/spark-style.css" rel="stylesheet" />
<link href="https://stackpath.bootstrapcdn.com/font-awesome/4.7.0/css/font-awesome.min.css" rel="stylesheet">
<script src="https://cdn.jsdelivr.net/gh/extent-framework/extent-github-cdn@7cc78ce/spark/js/jsontree.js"></script>
<style type="text/css"></style></head><body class="spa bdd-report dark">
  <div class="app">
    <div class="layout">
<div class="header navbar">
<div class="vheader">
<div class="nav-logo">
<a href="#">
<div class="logo" style="background-image: url('https://cdn.jsdelivr.net/gh/extent-framework/extent-github-cdn@b00a2d0486596e73dd7326beacf352c639623a0e/commons/img/logo.png')"></div>
</a>
</div>
<ul class="nav-left">
<li class="search-box">
<a class="search-toggle" href="#">
<i class="search-icon fa fa-search"></i>
<i class="search-icon-close fa fa-close"></i>
</a>
</li>
<li class="search-input"><input id="search-tests" class="form-control" type="text" placeholder="Search..."></li>
</ul>
<ul class="nav-right">
<li class="m-r-10">
<a href="#"><span class="badge badge-primary">tutorialsninja Report</span></a>
</li>
<li class="m-r-10">
<a href="#"><span class="badge badge-primary">Dec 19, 2023 07:43:31 pm</span></a>
</li>
</ul>
</div>
</div><div class="side-nav">
<div class="side-nav-inner">
<ul class="side-nav-menu">
<li class="nav-item dropdown" onclick="toggleView('dashboard-view')">
<a id="nav-dashboard" class="dropdown-toggle" href="#">
<span class="ico"><i class="fa fa-bar-chart"></i></span>
</a>
</li>
<li class="nav-item dropdown" onclick="toggleView('test-view')">
<a id="nav-test" class="dropdown-toggle" href="#">
<span class="ico"><i class="fa fa-list"></i></span>
</a>
</li>
<li class="nav-item dropdown" onclick="toggleView('category-view')">
<a id="nav-category" class="dropdown-toggle" href="#">
<span class="ico"><i class="fa fa-tag"></i></span>
</a>
</li>
<li class="nav-item dropdown" onclick="toggleView('exception-view')">
<a id="nav-exception" class="dropdown-toggle" href="#">
<span class="ico"><i class="fa fa-bug"></i></span>
</a>
</li>
</ul>
</div>
</div>      <div class="vcontainer">
        <div class="main-content">
<div class="container-fluid p-4 view dashboard-view">
<div class="row">
<div class="col-md-3">
<div class="card"><div class="card-body">
<p class="m-b-0">Started</p>
<h3>Dec 19, 2023 07:43:31 pm</h3>
</div></div>
</div>
<div class="col-md-3">
<div class="card"><div class="card-body">
<p class="m-b-0">Ended</p>
<h3>Dec 19, 2023 07:46:06 pm</h3>
</div></div>
</div>
<div class="col-md-3">
<div class="card"><div class="card-body">
<p class="m-b-0 text-pass">Features Passed</p>
<h3>2</h3>
</div></div>
</div>
<div class="col-md-3">
<div class="card"><div class="card-body">
<p class="m-b-0 text-fail">Features Failed</p>
<h3>1</h3>
</div></div>
</div>
</div>
<div class="row">
<div class="col-md-4">
<div class="card">
<div class="card-header">
<h6 class="card-title">Features</h6>
</div>
<div class="card-body">
<div class="">
<canvas id='parent-analysis' width='115' height='90'></canvas>
</div>
</div>
<div class="card-footer">
<div><small data-tooltip='66%'>
<b>2</b> features passed
</small>
</div>
<div>
<small data-tooltip='33%'><b>1</b> features failed,
<b>0</b> skipped, <b data-tooltip='0%'>0</b> others
</small>
</div>
</div>
</div>
</div>
<div class="col-md-4">
<div class="card">
<div class="card-header">
<h6 class="card-title">Scenarios</h6>
</div>
<div class="card-body">
<div class="">
<canvas id='child-analysis' width='115' height='90'></canvas>
</div>
</div>
<div class="card-footer">
<div><small data-tooltip='33%'><b>2</b> scenarios passed</small></div>
<div>
<small data-tooltip='66%'><b>4</b> scenarios failed,
<b>0</b> skipped, <b data-tooltip='%'>0</b> others
</small>
</div>
</div>
</div>
</div>
<div class="col-md-4">
<div class="card">
<div class="card-header">
<h6 class="card-title">Steps</h6>
</div>
<div class="card-body">
<div class="">
<canvas id='grandchild-analysis' width='115' height='90'></canvas>
</div>
</div>
<div class="card-footer">
<div><small data-tooltip='50%'><b>16</b> steps passed</small></div>
<div>
<small data-tooltip='12%'><b>4</b> steps failed,
<b>12</b> skipped, <b data-tooltip='%'>0</b> others
</small>
</div>
</div>
</div>
</div>
</div>
<div class="row"><div class="col-md-12">
<div class="card"><div class="card-header"><p>Timeline</p></div>
<div class="card-body pt-0"><div>
<canvas id="timeline" height="120"></canvas>
</div></div>
</div>
</div></div>
<script>
var timeline = {
"Desktops Page functionality test":7.11,"Accounts functionality":140.138,"Navigate to Top menu pages successfully":5.474
};
</script>
<div class="row">
<div class="col-lg-6 col-md-12 category-container">
<div class="card">
<div class="card-header"><p>Tags</p></div>
<div class="card-body pb-0 pt-0"><table class="table table-sm table-bordered">
<thead><tr class="bg-gray"><th>Name</th><th>Passed</th><th>Failed</th><th>Skipped</th><th>Others</th><th>Passed %</th></tr></thead><tbody>
<tr>
<td>@regression</td>
<td>2</td>
<td>4</td>
<td>0</td>
<td>0</td>
<td>33.333%</td>
</tr>
<tr>
<td>@smoke</td>
<td>2</td>
<td>4</td>
<td>0</td>
<td>0</td>
<td>33.333%</td>
</tr>
<tr>
<td>@author_BP</td>
<td>2</td>
<td>0</td>
<td>0</td>
<td>0</td>
<td>100%</td>
</tr>
</tbody>
</table></div>
</div>
</div>
<div class="col-lg-6 col-md-12 sysenv-container">
<div class="card">
<div class="card-header"><p>System/Environment</p></div>
<div class="card-body pb-0 pt-0"><table class="table table-sm table-bordered">
<thead><tr class="bg-gray"><th>Name</th><th>Value</th></tr></thead>
<tbody>
<tr>
<td>Engineer</td>
<td>Bhumika Patel</td>
</tr>
<tr>
<td>Project</td>
<td>tutorialsninja</td>
</tr>
<tr>
<td>os</td>
<td>Windows</td>
</tr>
</tbody>
</table></div>
</div>
</div>
</div>
</div>
<script>
var statusGroup = {
parentCount: 5,
passParent: 2,
failParent: 1,
warningParent: 0,
skipParent: 0,
childCount: 5,
passChild: 2,
failChild: 4,
warningChild: 0,
skipChild: 0,
infoChild: 0,
grandChildCount: 5,
passGrandChild: 16,
failGrandChild: 4,
warningGrandChild: 0,
skipGrandChild: 12,
infoGrandChild: 0,
eventsCount: 5,
};
</script><div class="test-wrapper row view test-view">
  <div class="test-list">
    <div class="test-list-tools">
<ul class="tools pull-left">
<li><a href="#"><span class="font-size-14">Tests</span></a></li>
</ul>
<ul class="tools text-right">
<li class="dropdown">
<a href="#" class="dropdown-toggle" data-toggle="dropdown"><i class="fa fa-exclamation-circle"></i></a>
<ul id="status-toggle" class="dropdown-menu dropdown-md p-v-0">
<a class="dropdown-item" status="pass" href="#"><span>Pass</span><span class="status success"></span></a>
<a class="dropdown-item" status="fail" href="#"><span>Fail</span><span class="status danger"></span></a>
<div class="dropdown-divider"></div>
<a status="clear" class="dropdown-item" href="#"><span>Clear</span><span class="pull-right"><i class="fa fa-close"></i></span></a>
</ul>
</li>
<li class="dropdown">
<a href="#" class="dropdown-toggle" data-toggle="dropdown"><i class="fa fa-tag"></i></a>
<ul id="tag-toggle" class="dropdown-menu dropdown-md p-v-0">
<a class="dropdown-item" href="#">@regression</a><a class="dropdown-item" href="#">@smoke</a><a class="dropdown-item" href="#">@author_BP</a>
</ul>
</li>
</ul>
</div>    <div class="test-list-wrapper scrollable">
      <ul class="test-list-item">
        <li class="test-item"  status="pass" test-id="1"
          author=""
          tag=""
          device="">
          <div class="test-detail">
            <p class="name">Desktops Page functionality test</p>
            <p class="text-sm">
              <span>19:43:33</span> / <span>00:00:07:110</span>
              <span class="badge pass-bg log float-right">Pass</span>
            </p>
          </div>
          <div class="test-contents d-none">
<div class="detail-head">
<div class="p-v-10">
<div class="info">
<h5 class="test-status text-pass">Desktops Page functionality test</h5>
<span class='badge badge-success'>12.19.2023 19:43:33</span>
<span class='badge badge-danger'>12.19.2023 19:43:40</span>
<span class='badge badge-default'>00:00:07:110</span>
&middot; <span class='uri-anchor badge badge-default'>#test-id=1</span>
<span class='badge badge-default pointer float-right ml-1 et'><i class="fa fa-chevron-down"></i></span>
<span class='badge badge-default pointer float-right ct'><i class="fa fa-chevron-up"></i></span>
</div>
<div class="m-t-10 m-l-5"></div>
</div>
</div>
<div class="accordion mt-4">
  <div class="card">
    <div class="card-header" role="tab">
      <div class="card-title">
        <div class="node" id="2"><span class="badge log pass-bg mr-2">Pass</span>VerifyProductArrangeInAlphaBeticalOrder</div>
      </div>
    </div>
        <div class="collapse">
          <div class="card-body">
              <div class="step pass-bg" title="com.tutorialsninja.demo.steps.TopMenuSteps.mouseHoverOnDesktopsTabAndClick()">
                <span>When Mouse hover on “Desktops” Tab and click</span>
      <div>
      </div>
              </div>
              <div class="step pass-bg" title="com.tutorialsninja.demo.steps.TopMenuSteps.callSelectMenuMethodAndPassTheMenu(java.lang.String)">
                <span>And call selectMenu method and pass the menu "Show AllDesktops"</span>
      <div>
      </div>
              </div>
              <div class="step pass-bg" title="com.tutorialsninja.demo.steps.DesktopsSteps.selectSortByPosition(java.lang.String)">
                <span>And Select Sort By position "Name (Z - A)"</span>
      <div>
      </div>
              </div>
              <div class="step pass-bg" title="com.tutorialsninja.demo.steps.DesktopsSteps.verifyTheProductWillArrangeInDescendingOrder()">
                <span>Then Verify the Product will arrange in Descending order.</span>
      <div>
      </div>
              </div>
          </div>
        </div>
  </div>
</div>
          </div>
        </li>
        <li class="test-item"  status="fail" test-id="9"
          author=""
          tag=""
          device="">
          <div class="test-detail">
            <p class="name">Accounts functionality</p>
            <p class="text-sm">
              <span>19:43:40</span> / <span>00:02:20:138</span>
              <span class="badge fail-bg log float-right">Fail</span>
            </p>
          </div>
          <div class="test-contents d-none">
<div class="detail-head">
<div class="p-v-10">
<div class="info">
<h5 class="test-status text-fail">Accounts functionality</h5>
<span class='badge badge-success'>12.19.2023 19:43:40</span>
<span class='badge badge-danger'>12.19.2023 19:46:00</span>
<span class='badge badge-default'>00:02:20:138</span>
&middot; <span class='uri-anchor badge badge-default'>#test-id=9</span>
<span class='badge badge-default pointer float-right ml-1 et'><i class="fa fa-chevron-down"></i></span>
<span class='badge badge-default pointer float-right ct'><i class="fa fa-chevron-up"></i></span>
</div>
<div class="m-t-10 m-l-5"></div>
</div>
</div>
<div class="accordion mt-4">
  <div class="card">
    <div class="card-header" role="tab">
      <div class="card-title">
        <div class="node" id="10"><span class="badge log fail-bg mr-2">Fail</span>VerifyUserShouldNavigateToRegisterPageSuccessfully</div>
      </div>
    </div>
        <div class="">
          <div class="card-body">
              <div class="step pass-bg" title="com.tutorialsninja.demo.steps.MyAccountsSteps.clickOnMyAccountLink()">
                <span>When Click on My Account Link</span>
      <div>
      </div>
              </div>
              <div class="step pass-bg" title="com.tutorialsninja.demo.steps.MyAccountsSteps.callTheMethodSelectMyAccountOptionsMethodAndPassTheParameter(java.lang.String)">
                <span>And Call the method selectMyAccountOptions method and pass the parameter "Register"</span>
      <div>
      </div>
              </div>
              <div class="step fail-bg" title="com.tutorialsninja.demo.steps.MyAccountsSteps.verifyTheText(java.lang.String)">
                <span>Then Verify the text "Register Account"</span>
      <div>
        <textarea disabled class="code-block">org.openqa.selenium.NoSuchElementException: no such element: Unable to locate element: {"method":"css selector","selector":"div[id='content'] h1"}
  (Session info: chrome=120.0.6099.110)
For documentation on this error, please visit: https://www.selenium.dev/documentation/webdriver/troubleshooting/errors#no-such-element-exception
Build info: version: '4.15.0', revision: '1d14b5521b'
System info: os.name: 'Windows 10', os.arch: 'amd64', os.version: '10.0', java.version: '17.0.8'
Driver info: org.openqa.selenium.chrome.ChromeDriver
Command: [6671984449535c929cc9f816754a0d38, findElement {using=css selector, value=div[id='content'] h1}]
Capabilities {acceptInsecureCerts: false, browserName: chrome, browserVersion: 120.0.6099.110, chrome: {chromedriverVersion: 120.0.6099.109 (3419140ab66..., userDataDir: C:\Users\patel\AppData\Loca...}, fedcm:accounts: true, goog:chromeOptions: {debuggerAddress: localhost:53411}, networkConnectionEnabled: false, pageLoadStrategy: normal, platformName: windows, proxy: Proxy(), se:cdp: ws://localhost:53411/devtoo..., se:cdpVersion: 120.0.6099.110, setWindowRect: true, strictFileInteractability: false, timeouts: {implicit: 0, pageLoad: 300000, script: 30000}, unhandledPromptBehavior: dismiss and notify, webauthn:extension:credBlob: true, webauthn:extension:largeBlob: true, webauthn:extension:minPinLength: true, webauthn:extension:prf: true, webauthn:virtualAuthenticators: true}
Session ID: 6671984449535c929cc9f816754a0d38
	at java.base/jdk.internal.reflect.NativeConstructorAccessorImpl.newInstance0(Native Method)
	at java.base/jdk.internal.reflect.NativeConstructorAccessorImpl.newInstance(NativeConstructorAccessorImpl.java:77)
	at java.base/jdk.internal.reflect.DelegatingConstructorAccessorImpl.newInstance(DelegatingConstructorAccessorImpl.java:45)
	at java.base/java.lang.reflect.Constructor.newInstanceWithCaller(Constructor.java:499)
	at java.base/java.lang.reflect.Constructor.newInstance(Constructor.java:480)
	at org.openqa.selenium.remote.codec.w3c.W3CHttpResponseCodec.createException(W3CHttpResponseCodec.java:200)
	at org.openqa.selenium.remote.codec.w3c.W3CHttpResponseCodec.decode(W3CHttpResponseCodec.java:133)
	at org.openqa.selenium.remote.codec.w3c.W3CHttpResponseCodec.decode(W3CHttpResponseCodec.java:52)
	at org.openqa.selenium.remote.HttpCommandExecutor.execute(HttpCommandExecutor.java:191)
	at org.openqa.selenium.remote.service.DriverCommandExecutor.invokeExecute(DriverCommandExecutor.java:200)
	at org.openqa.selenium.remote.service.DriverCommandExecutor.execute(DriverCommandExecutor.java:175)
	at org.openqa.selenium.remote.RemoteWebDriver.execute(RemoteWebDriver.java:607)
	at org.openqa.selenium.remote.ElementLocation$ElementFinder$2.findElement(ElementLocation.java:165)
	at org.openqa.selenium.remote.ElementLocation.findElement(ElementLocation.java:59)
	at org.openqa.selenium.remote.RemoteWebDriver.findElement(RemoteWebDriver.java:364)
	at org.openqa.selenium.remote.RemoteWebDriver.findElement(RemoteWebDriver.java:358)
	at org.openqa.selenium.support.pagefactory.DefaultElementLocator.findElement(DefaultElementLocator.java:68)
	at org.openqa.selenium.support.pagefactory.internal.LocatingElementHandler.invoke(LocatingElementHandler.java:38)
	at jdk.proxy2/jdk.proxy2.$Proxy29.getText(Unknown Source)
	at com.tutorialsninja.demo.utility.Utility.getTextFromElement(Utility.java:67)
	at com.tutorialsninja.demo.pages.MyAccountsPage.getTextFromRegister(MyAccountsPage.java:94)
	at com.tutorialsninja.demo.steps.MyAccountsSteps.verifyTheText(MyAccountsSteps.java:23)
	at ✽.Verify the text "Register Account"(file:///C:/IdeaProject/tutorialsninja-sw-cucumber-6/src/test/resources/features/myaccountstest.feature:7)
</textarea>
      
      </div>
              </div>
          </div>
        </div>
  </div>
  <div class="card">
    <div class="card-header" role="tab">
      <div class="card-title">
        <div class="node" id="16"><span class="badge log fail-bg mr-2">Fail</span>VerifyUserShouldNavigateToLoginPageSuccessfully</div>
      </div>
    </div>
        <div class="">
          <div class="card-body">
              <div class="step pass-bg" title="com.tutorialsninja.demo.steps.MyAccountsSteps.clickOnMyAccountLink()">
                <span>When Click on My Account Link</span>
      <div>
      </div>
              </div>
              <div class="step pass-bg" title="com.tutorialsninja.demo.steps.MyAccountsSteps.callTheMethodSelectMyAccountOptionsMethodAndPassTheParameter(java.lang.String)">
                <span>And Call the method selectMyAccountOptions method and pass the parameter "Login"</span>
      <div>
      </div>
              </div>
              <div class="step fail-bg" title="com.tutorialsninja.demo.steps.MyAccountsSteps.verifyTheText(java.lang.String)">
                <span>Then Verify the text "Returning Customer"</span>
      <div>
        <textarea disabled class="code-block">org.openqa.selenium.NoSuchElementException: no such element: Unable to locate element: {"method":"css selector","selector":"div[id='content'] h1"}
  (Session info: chrome=120.0.6099.110)
For documentation on this error, please visit: https://www.selenium.dev/documentation/webdriver/troubleshooting/errors#no-such-element-exception
Build info: version: '4.15.0', revision: '1d14b5521b'
System info: os.name: 'Windows 10', os.arch: 'amd64', os.version: '10.0', java.version: '17.0.8'
Driver info: org.openqa.selenium.chrome.ChromeDriver
Command: [b2bf56241721ccd717d4801f7cbd6605, findElement {using=css selector, value=div[id='content'] h1}]
Capabilities {acceptInsecureCerts: false, browserName: chrome, browserVersion: 120.0.6099.110, chrome: {chromedriverVersion: 120.0.6099.109 (3419140ab66..., userDataDir: C:\Users\patel\AppData\Loca...}, fedcm:accounts: true, goog:chromeOptions: {debuggerAddress: localhost:53461}, networkConnectionEnabled: false, pageLoadStrategy: normal, platformName: windows, proxy: Proxy(), se:cdp: ws://localhost:53461/devtoo..., se:cdpVersion: 120.0.6099.110, setWindowRect: true, strictFileInteractability: false, timeouts: {implicit: 0, pageLoad: 300000, script: 30000}, unhandledPromptBehavior: dismiss and notify, webauthn:extension:credBlob: true, webauthn:extension:largeBlob: true, webauthn:extension:minPinLength: true, webauthn:extension:prf: true, webauthn:virtualAuthenticators: true}
Session ID: b2bf56241721ccd717d4801f7cbd6605
	at java.base/jdk.internal.reflect.NativeConstructorAccessorImpl.newInstance0(Native Method)
	at java.base/jdk.internal.reflect.NativeConstructorAccessorImpl.newInstance(NativeConstructorAccessorImpl.java:77)
	at java.base/jdk.internal.reflect.DelegatingConstructorAccessorImpl.newInstance(DelegatingConstructorAccessorImpl.java:45)
	at java.base/java.lang.reflect.Constructor.newInstanceWithCaller(Constructor.java:499)
	at java.base/java.lang.reflect.Constructor.newInstance(Constructor.java:480)
	at org.openqa.selenium.remote.codec.w3c.W3CHttpResponseCodec.createException(W3CHttpResponseCodec.java:200)
	at org.openqa.selenium.remote.codec.w3c.W3CHttpResponseCodec.decode(W3CHttpResponseCodec.java:133)
	at org.openqa.selenium.remote.codec.w3c.W3CHttpResponseCodec.decode(W3CHttpResponseCodec.java:52)
	at org.openqa.selenium.remote.HttpCommandExecutor.execute(HttpCommandExecutor.java:191)
	at org.openqa.selenium.remote.service.DriverCommandExecutor.invokeExecute(DriverCommandExecutor.java:200)
	at org.openqa.selenium.remote.service.DriverCommandExecutor.execute(DriverCommandExecutor.java:175)
	at org.openqa.selenium.remote.RemoteWebDriver.execute(RemoteWebDriver.java:607)
	at org.openqa.selenium.remote.ElementLocation$ElementFinder$2.findElement(ElementLocation.java:165)
	at org.openqa.selenium.remote.ElementLocation.findElement(ElementLocation.java:59)
	at org.openqa.selenium.remote.RemoteWebDriver.findElement(RemoteWebDriver.java:364)
	at org.openqa.selenium.remote.RemoteWebDriver.findElement(RemoteWebDriver.java:358)
	at org.openqa.selenium.support.pagefactory.DefaultElementLocator.findElement(DefaultElementLocator.java:68)
	at org.openqa.selenium.support.pagefactory.internal.LocatingElementHandler.invoke(LocatingElementHandler.java:38)
	at jdk.proxy2/jdk.proxy2.$Proxy29.getText(Unknown Source)
	at com.tutorialsninja.demo.utility.Utility.getTextFromElement(Utility.java:67)
	at com.tutorialsninja.demo.pages.MyAccountsPage.getTextFromRegister(MyAccountsPage.java:94)
	at com.tutorialsninja.demo.steps.MyAccountsSteps.verifyTheText(MyAccountsSteps.java:23)
	at ✽.Verify the text "Returning Customer"(file:///C:/IdeaProject/tutorialsninja-sw-cucumber-6/src/test/resources/features/myaccountstest.feature:12)
</textarea>
      
      </div>
              </div>
          </div>
        </div>
  </div>
  <div class="card">
    <div class="card-header" role="tab">
      <div class="card-title">
        <div class="node" id="22"><span class="badge log fail-bg mr-2">Fail</span>VerifyThatUserRegisterAccountSuccessfully</div>
      </div>
    </div>
        <div class="">
          <div class="card-body">
              <div class="step pass-bg" title="com.tutorialsninja.demo.steps.MyAccountsSteps.clickOnMyAccountLink()">
                <span>When Click on My Account Link</span>
      <div>
      </div>
              </div>
              <div class="step pass-bg" title="com.tutorialsninja.demo.steps.MyAccountsSteps.callTheMethodSelectMyAccountOptionsMethodAndPassTheParameter(java.lang.String)">
                <span>And Call the method selectMyAccountOptions method and pass the parameter "Register"</span>
      <div>
      </div>
              </div>
              <div class="step fail-bg" title="com.tutorialsninja.demo.steps.MyAccountsSteps.iEnterFirstNameAndIEnterLastNameAndIEnterEmailAndIEnterTelephoneAndIEnterPasswordAndIEnterPasswordConfirmAndISelectSubscribeYesRadioButtonAndIClickOnPrivacyPolicyCheckBoxAndIClickOnContinueButton()">
                <span>And I enter First Name and I enter Last Name and I enter Email and I enter Telephone and I enter Password and I enter Password Confirm and I select Subscribe Yes radio button and I click on Privacy Policy check box and I click on Continue button</span>
      <div>
        <textarea disabled class="code-block">org.openqa.selenium.NoSuchElementException: no such element: Unable to locate element: {"method":"css selector","selector":"#input-firstname"}
  (Session info: chrome=120.0.6099.110)
For documentation on this error, please visit: https://www.selenium.dev/documentation/webdriver/troubleshooting/errors#no-such-element-exception
Build info: version: '4.15.0', revision: '1d14b5521b'
System info: os.name: 'Windows 10', os.arch: 'amd64', os.version: '10.0', java.version: '17.0.8'
Driver info: org.openqa.selenium.chrome.ChromeDriver
Command: [263f133e4d62f5ec722a9790964744cf, findElement {using=css selector, value=#input-firstname}]
Capabilities {acceptInsecureCerts: false, browserName: chrome, browserVersion: 120.0.6099.110, chrome: {chromedriverVersion: 120.0.6099.109 (3419140ab66..., userDataDir: C:\Users\patel\AppData\Loca...}, fedcm:accounts: true, goog:chromeOptions: {debuggerAddress: localhost:53511}, networkConnectionEnabled: false, pageLoadStrategy: normal, platformName: windows, proxy: Proxy(), se:cdp: ws://localhost:53511/devtoo..., se:cdpVersion: 120.0.6099.110, setWindowRect: true, strictFileInteractability: false, timeouts: {implicit: 0, pageLoad: 300000, script: 30000}, unhandledPromptBehavior: dismiss and notify, webauthn:extension:credBlob: true, webauthn:extension:largeBlob: true, webauthn:extension:minPinLength: true, webauthn:extension:prf: true, webauthn:virtualAuthenticators: true}
Session ID: 263f133e4d62f5ec722a9790964744cf
	at java.base/jdk.internal.reflect.NativeConstructorAccessorImpl.newInstance0(Native Method)
	at java.base/jdk.internal.reflect.NativeConstructorAccessorImpl.newInstance(NativeConstructorAccessorImpl.java:77)
	at java.base/jdk.internal.reflect.DelegatingConstructorAccessorImpl.newInstance(DelegatingConstructorAccessorImpl.java:45)
	at java.base/java.lang.reflect.Constructor.newInstanceWithCaller(Constructor.java:499)
	at java.base/java.lang.reflect.Constructor.newInstance(Constructor.java:480)
	at org.openqa.selenium.remote.codec.w3c.W3CHttpResponseCodec.createException(W3CHttpResponseCodec.java:200)
	at org.openqa.selenium.remote.codec.w3c.W3CHttpResponseCodec.decode(W3CHttpResponseCodec.java:133)
	at org.openqa.selenium.remote.codec.w3c.W3CHttpResponseCodec.decode(W3CHttpResponseCodec.java:52)
	at org.openqa.selenium.remote.HttpCommandExecutor.execute(HttpCommandExecutor.java:191)
	at org.openqa.selenium.remote.service.DriverCommandExecutor.invokeExecute(DriverCommandExecutor.java:200)
	at org.openqa.selenium.remote.service.DriverCommandExecutor.execute(DriverCommandExecutor.java:175)
	at org.openqa.selenium.remote.RemoteWebDriver.execute(RemoteWebDriver.java:607)
	at org.openqa.selenium.remote.ElementLocation$ElementFinder$2.findElement(ElementLocation.java:165)
	at org.openqa.selenium.remote.ElementLocation.findElement(ElementLocation.java:59)
	at org.openqa.selenium.remote.RemoteWebDriver.findElement(RemoteWebDriver.java:364)
	at org.openqa.selenium.remote.RemoteWebDriver.findElement(RemoteWebDriver.java:358)
	at org.openqa.selenium.support.pagefactory.DefaultElementLocator.findElement(DefaultElementLocator.java:68)
	at org.openqa.selenium.support.pagefactory.internal.LocatingElementHandler.invoke(LocatingElementHandler.java:38)
	at jdk.proxy2/jdk.proxy2.$Proxy29.sendKeys(Unknown Source)
	at com.tutorialsninja.demo.utility.Utility.sendTextToElement(Utility.java:78)
	at com.tutorialsninja.demo.pages.MyAccountsPage.fillMandatoryDetails(MyAccountsPage.java:101)
	at com.tutorialsninja.demo.steps.MyAccountsSteps.iEnterFirstNameAndIEnterLastNameAndIEnterEmailAndIEnterTelephoneAndIEnterPasswordAndIEnterPasswordConfirmAndISelectSubscribeYesRadioButtonAndIClickOnPrivacyPolicyCheckBoxAndIClickOnContinueButton(MyAccountsSteps.java:32)
	at ✽.I enter First Name and I enter Last Name and I enter Email and I enter Telephone and I enter Password and I enter Password Confirm and I select Subscribe Yes radio button and I click on Privacy Policy check box and I click on Continue button(file:///C:/IdeaProject/tutorialsninja-sw-cucumber-6/src/test/resources/features/myaccountstest.feature:17)
</textarea>
      
      </div>
              </div>
              <div class="step skip-bg" title="com.tutorialsninja.demo.steps.MyAccountsSteps.iCanSeeTheMessageYourAccountHasBeenCreated()">
                <span>Then I can see the message 'Your Account Has Been Created!'</span>
      <div>Step skipped
      </div>
              </div>
              <div class="step skip-bg" title="com.tutorialsninja.demo.steps.MyAccountsSteps.clickOnContinueButton()">
                <span>And Click on Continue button</span>
      <div>Step skipped
      </div>
              </div>
              <div class="step skip-bg" title="com.tutorialsninja.demo.steps.MyAccountsSteps.clickOnMyAccountLink()">
                <span>When Click on My Account Link</span>
      <div>Step skipped
      </div>
              </div>
              <div class="step skip-bg" title="com.tutorialsninja.demo.steps.MyAccountsSteps.callTheMethodSelectMyAccountOptionsMethodAndPassTheParameter(java.lang.String)">
                <span>And Call the method selectMyAccountOptions method and pass the parameter "Logout"</span>
      <div>Step skipped
      </div>
              </div>
              <div class="step skip-bg" title="com.tutorialsninja.demo.steps.MyAccountsSteps.verifyTheTextAccountLogout()">
                <span>And Verify the text “Account Logout”</span>
      <div>Step skipped
      </div>
              </div>
              <div class="step skip-bg" title="com.tutorialsninja.demo.steps.MyAccountsSteps.clickOnContinueButton()">
                <span>Then Click on Continue button</span>
      <div>Step skipped
      </div>
              </div>
          </div>
        </div>
  </div>
  <div class="card">
    <div class="card-header" role="tab">
      <div class="card-title">
        <div class="node" id="34"><span class="badge log fail-bg mr-2">Fail</span>VerifyThatUserShouldLoginAndLogoutSuccessfully</div>
      </div>
    </div>
        <div class="">
          <div class="card-body">
              <div class="step pass-bg" title="com.tutorialsninja.demo.steps.MyAccountsSteps.clickOnMyAccountLink()">
                <span>When Click on My Account Link</span>
      <div>
      </div>
              </div>
              <div class="step pass-bg" title="com.tutorialsninja.demo.steps.MyAccountsSteps.callTheMethodSelectMyAccountOptionsMethodAndPassTheParameter(java.lang.String)">
                <span>And Call the method selectMyAccountOptions method and pass the parameter "Login"</span>
      <div>
      </div>
              </div>
              <div class="step fail-bg" title="com.tutorialsninja.demo.steps.MyAccountsSteps.iEnterEmailAddressAndLastNameAndPassword()">
                <span>And I enter Email address and Last Name and Password</span>
      <div>
        <textarea disabled class="code-block">org.openqa.selenium.NoSuchElementException: no such element: Unable to locate element: {"method":"css selector","selector":"#input-email"}
  (Session info: chrome=120.0.6099.110)
For documentation on this error, please visit: https://www.selenium.dev/documentation/webdriver/troubleshooting/errors#no-such-element-exception
Build info: version: '4.15.0', revision: '1d14b5521b'
System info: os.name: 'Windows 10', os.arch: 'amd64', os.version: '10.0', java.version: '17.0.8'
Driver info: org.openqa.selenium.chrome.ChromeDriver
Command: [e73028cd28036c8c6f41f1f30b1ba9b4, findElement {using=css selector, value=#input-email}]
Capabilities {acceptInsecureCerts: false, browserName: chrome, browserVersion: 120.0.6099.110, chrome: {chromedriverVersion: 120.0.6099.109 (3419140ab66..., userDataDir: C:\Users\patel\AppData\Loca...}, fedcm:accounts: true, goog:chromeOptions: {debuggerAddress: localhost:53551}, networkConnectionEnabled: false, pageLoadStrategy: normal, platformName: windows, proxy: Proxy(), se:cdp: ws://localhost:53551/devtoo..., se:cdpVersion: 120.0.6099.110, setWindowRect: true, strictFileInteractability: false, timeouts: {implicit: 0, pageLoad: 300000, script: 30000}, unhandledPromptBehavior: dismiss and notify, webauthn:extension:credBlob: true, webauthn:extension:largeBlob: true, webauthn:extension:minPinLength: true, webauthn:extension:prf: true, webauthn:virtualAuthenticators: true}
Session ID: e73028cd28036c8c6f41f1f30b1ba9b4
	at java.base/jdk.internal.reflect.NativeConstructorAccessorImpl.newInstance0(Native Method)
	at java.base/jdk.internal.reflect.NativeConstructorAccessorImpl.newInstance(NativeConstructorAccessorImpl.java:77)
	at java.base/jdk.internal.reflect.DelegatingConstructorAccessorImpl.newInstance(DelegatingConstructorAccessorImpl.java:45)
	at java.base/java.lang.reflect.Constructor.newInstanceWithCaller(Constructor.java:499)
	at java.base/java.lang.reflect.Constructor.newInstance(Constructor.java:480)
	at org.openqa.selenium.remote.codec.w3c.W3CHttpResponseCodec.createException(W3CHttpResponseCodec.java:200)
	at org.openqa.selenium.remote.codec.w3c.W3CHttpResponseCodec.decode(W3CHttpResponseCodec.java:133)
	at org.openqa.selenium.remote.codec.w3c.W3CHttpResponseCodec.decode(W3CHttpResponseCodec.java:52)
	at org.openqa.selenium.remote.HttpCommandExecutor.execute(HttpCommandExecutor.java:191)
	at org.openqa.selenium.remote.service.DriverCommandExecutor.invokeExecute(DriverCommandExecutor.java:200)
	at org.openqa.selenium.remote.service.DriverCommandExecutor.execute(DriverCommandExecutor.java:175)
	at org.openqa.selenium.remote.RemoteWebDriver.execute(RemoteWebDriver.java:607)
	at org.openqa.selenium.remote.ElementLocation$ElementFinder$2.findElement(ElementLocation.java:165)
	at org.openqa.selenium.remote.ElementLocation.findElement(ElementLocation.java:59)
	at org.openqa.selenium.remote.RemoteWebDriver.findElement(RemoteWebDriver.java:364)
	at org.openqa.selenium.remote.RemoteWebDriver.findElement(RemoteWebDriver.java:358)
	at org.openqa.selenium.support.pagefactory.DefaultElementLocator.findElement(DefaultElementLocator.java:68)
	at org.openqa.selenium.support.pagefactory.internal.LocatingElementHandler.invoke(LocatingElementHandler.java:38)
	at jdk.proxy2/jdk.proxy2.$Proxy29.sendKeys(Unknown Source)
	at com.tutorialsninja.demo.utility.Utility.sendTextToElement(Utility.java:78)
	at com.tutorialsninja.demo.pages.MyAccountsPage.fillInEmailPassword(MyAccountsPage.java:114)
	at com.tutorialsninja.demo.steps.MyAccountsSteps.iEnterEmailAddressAndLastNameAndPassword(MyAccountsSteps.java:52)
	at ✽.I enter Email address and Last Name and Password(file:///C:/IdeaProject/tutorialsninja-sw-cucumber-6/src/test/resources/features/myaccountstest.feature:28)
</textarea>
      
      </div>
              </div>
              <div class="step skip-bg" title="com.tutorialsninja.demo.steps.MyAccountsSteps.clickOnLoginButton()">
                <span>Then Click on Login button</span>
      <div>Step skipped
      </div>
              </div>
              <div class="step skip-bg" title="com.tutorialsninja.demo.steps.MyAccountsSteps.verifyText(java.lang.String)">
                <span>And Verify text "My Account"</span>
      <div>Step skipped
      </div>
              </div>
              <div class="step skip-bg" title="com.tutorialsninja.demo.steps.MyAccountsSteps.clickOnMyAccountLink()">
                <span>And Click on My Account Link</span>
      <div>Step skipped
      </div>
              </div>
              <div class="step skip-bg" title="com.tutorialsninja.demo.steps.MyAccountsSteps.callTheMethodSelectMyAccountOptionsMethodAndPassTheParameter(java.lang.String)">
                <span>And Call the method selectMyAccountOptions method and pass the parameter "Logout"</span>
      <div>Step skipped
      </div>
              </div>
              <div class="step skip-bg" title="com.tutorialsninja.demo.steps.MyAccountsSteps.verifyTheTextAccountLogout()">
                <span>And Verify the text “Account Logout”</span>
      <div>Step skipped
      </div>
              </div>
              <div class="step skip-bg" title="com.tutorialsninja.demo.steps.MyAccountsSteps.clickOnContinueButton()">
                <span>Then Click on Continue button</span>
      <div>Step skipped
      </div>
              </div>
          </div>
        </div>
  </div>
</div>
          </div>
        </li>
        <li class="test-item"  status="pass" test-id="46"
          author=""
          tag=""
          device="">
          <div class="test-detail">
            <p class="name">Navigate to Top menu pages successfully</p>
            <p class="text-sm">
              <span>19:46:00</span> / <span>00:00:05:474</span>
              <span class="badge pass-bg log float-right">Pass</span>
            </p>
          </div>
          <div class="test-contents d-none">
<div class="detail-head">
<div class="p-v-10">
<div class="info">
<h5 class="test-status text-pass">Navigate to Top menu pages successfully</h5>
<span class='badge badge-success'>12.19.2023 19:46:00</span>
<span class='badge badge-danger'>12.19.2023 19:46:06</span>
<span class='badge badge-default'>00:00:05:474</span>
&middot; <span class='uri-anchor badge badge-default'>#test-id=46</span>
<span class='badge badge-default pointer float-right ml-1 et'><i class="fa fa-chevron-down"></i></span>
<span class='badge badge-default pointer float-right ct'><i class="fa fa-chevron-up"></i></span>
</div>
<div class="m-t-10 m-l-5"></div>
</div>
</div>
<div class="accordion mt-4">
  <div class="card">
    <div class="card-header" role="tab">
      <div class="card-title">
        <div class="node" id="47"><span class="badge log pass-bg mr-2">Pass</span>VerifyUserShouldNavigateToLaptopsAndNotebooksPageSuccessfully</div>
      </div>
    </div>
        <div class="scenario_outline collapse">
            <div class="card-body l1">
              <div class="card-header">
                <div class="card-title outline-child">
                  <div class="node" id="48"><span class="badge log pass-bg mr-2">Pass</span>VerifyUserShouldNavigateToLaptopsAndNotebooksPageSuccessfully</div>
                </div>
              </div>
              <div class="card-body mt-3 collapse">
                  <div class="step pass-bg">
                    <span>Given User is on Home page</span>
      <div>
      </div>
                  </div>
                  <div class="step pass-bg">
                    <span>When Mouse hover on “Laptops & Notebooks” Tab and click</span>
      <div>
      </div>
                  </div>
                  <div class="step pass-bg">
                    <span>And call selectMenu method and pass the menu "Show AllLaptops & Notebooks"</span>
      <div>
      </div>
                  </div>
                  <div class="step pass-bg">
                    <span>Then Verify the text ‘Laptops & Notebooks’</span>
      <div>
      </div>
                  </div>
              </div>
            </div>
        </div>
  </div>
</div>
          </div>
        </li>
      </ul>
    </div>
  </div>
<div class="test-content scrollable">
<div class="test-content-tools">
<ul><li><a class="back-to-test" href="#"><i class="fa fa-arrow-left"></i></a></li></ul>
</div>
<div class="test-content-detail"><div class="detail-body"></div></div>
</div></div>
<div class="test-wrapper row view category-view attributes-view">
<div class="test-list">
<div class="test-list-tools">
<ul class="tools pull-left"><li><a href=""><span class="font-size-14">Category</span></a></li></ul>
<ul class="tools text-right"><li><a href="#"><span class="badge badge-primary">3</span></a></li></ul>
</div>
<div class="test-list-wrapper scrollable">
<ul class="test-list-item">
<li class="test-item">
<div class="test-detail">
<span class="meta">
<span class='badge log pass-bg'>2</span>
<span class='badge log badge-danger'>4</span>
</span>
<p class="name">@regression</p>
<p class="duration text-sm">6 tests</p>
</div>
<div class="test-contents d-none">
<div class="info">
<h4>@regression</h4>
<span status="pass" class='badge log pass-bg'>2 passed</span>
<span status="fail" class='badge log badge-danger'>4 failed</span>
</div>
<table class='table table-sm mt-4'>
<thead>
<tr>
<th class="status-col">Status</th>
<th class="timestamp-col">Timestamp</th>
<th>TestName</th>
</tr>
</thead>
<tbody>
<tr class="tag-test-status" status="pass">
<td><span class="badge log pass-bg">Pass</span></td>
<td>19:43:33 pm</td>
<td>
<a href="#" class="linked" test-id='1' id='2'>VerifyProductArrangeInAlphaBeticalOrder</a>
<div class="">
<span class="badge badge-default">Desktops Page functionality test.VerifyProductArrangeInAlphaBeticalOrder</span>
</div>
</td>
</tr>
<tr class="tag-test-status" status="fail">
<td><span class="badge log fail-bg">Fail</span></td>
<td>19:43:40 pm</td>
<td>
<a href="#" class="linked" test-id='9' id='10'>VerifyUserShouldNavigateToRegisterPageSuccessfully</a>
<div class="">
<span class="badge badge-default">Accounts functionality.VerifyUserShouldNavigateToRegisterPageSuccessfully</span>
</div>
</td>
</tr>
<tr class="tag-test-status" status="fail">
<td><span class="badge log fail-bg">Fail</span></td>
<td>19:44:26 pm</td>
<td>
<a href="#" class="linked" test-id='9' id='16'>VerifyUserShouldNavigateToLoginPageSuccessfully</a>
<div class="">
<span class="badge badge-default">Accounts functionality.VerifyUserShouldNavigateToLoginPageSuccessfully</span>
</div>
</td>
</tr>
<tr class="tag-test-status" status="fail">
<td><span class="badge log fail-bg">Fail</span></td>
<td>19:45:11 pm</td>
<td>
<a href="#" class="linked" test-id='9' id='22'>VerifyThatUserRegisterAccountSuccessfully</a>
<div class="">
<span class="badge badge-default">Accounts functionality.VerifyThatUserRegisterAccountSuccessfully</span>
</div>
</td>
</tr>
<tr class="tag-test-status" status="fail">
<td><span class="badge log fail-bg">Fail</span></td>
<td>19:45:35 pm</td>
<td>
<a href="#" class="linked" test-id='9' id='34'>VerifyThatUserShouldLoginAndLogoutSuccessfully</a>
<div class="">
<span class="badge badge-default">Accounts functionality.VerifyThatUserShouldLoginAndLogoutSuccessfully</span>
</div>
</td>
</tr>
<tr class="tag-test-status" status="pass">
<td><span class="badge log pass-bg">Pass</span></td>
<td>19:46:00 pm</td>
<td>
<a href="#" class="linked" test-id='46' id='48'>VerifyUserShouldNavigateToLaptopsAndNotebooksPageSuccessfully</a>
<div class="">
<span class="badge badge-default">Navigate to Top menu pages successfully.VerifyUserShouldNavigateToLaptopsAndNotebooksPageSuccessfully</span>
</div>
</td>
</tr>
</tbody>
</table>
</div>
</li>
<li class="test-item">
<div class="test-detail">
<span class="meta">
<span class='badge log pass-bg'>2</span>
<span class='badge log badge-danger'>4</span>
</span>
<p class="name">@smoke</p>
<p class="duration text-sm">6 tests</p>
</div>
<div class="test-contents d-none">
<div class="info">
<h4>@smoke</h4>
<span status="pass" class='badge log pass-bg'>2 passed</span>
<span status="fail" class='badge log badge-danger'>4 failed</span>
</div>
<table class='table table-sm mt-4'>
<thead>
<tr>
<th class="status-col">Status</th>
<th class="timestamp-col">Timestamp</th>
<th>TestName</th>
</tr>
</thead>
<tbody>
<tr class="tag-test-status" status="pass">
<td><span class="badge log pass-bg">Pass</span></td>
<td>19:43:33 pm</td>
<td>
<a href="#" class="linked" test-id='1' id='2'>VerifyProductArrangeInAlphaBeticalOrder</a>
<div class="">
<span class="badge badge-default">Desktops Page functionality test.VerifyProductArrangeInAlphaBeticalOrder</span>
</div>
</td>
</tr>
<tr class="tag-test-status" status="fail">
<td><span class="badge log fail-bg">Fail</span></td>
<td>19:43:40 pm</td>
<td>
<a href="#" class="linked" test-id='9' id='10'>VerifyUserShouldNavigateToRegisterPageSuccessfully</a>
<div class="">
<span class="badge badge-default">Accounts functionality.VerifyUserShouldNavigateToRegisterPageSuccessfully</span>
</div>
</td>
</tr>
<tr class="tag-test-status" status="fail">
<td><span class="badge log fail-bg">Fail</span></td>
<td>19:44:26 pm</td>
<td>
<a href="#" class="linked" test-id='9' id='16'>VerifyUserShouldNavigateToLoginPageSuccessfully</a>
<div class="">
<span class="badge badge-default">Accounts functionality.VerifyUserShouldNavigateToLoginPageSuccessfully</span>
</div>
</td>
</tr>
<tr class="tag-test-status" status="fail">
<td><span class="badge log fail-bg">Fail</span></td>
<td>19:45:11 pm</td>
<td>
<a href="#" class="linked" test-id='9' id='22'>VerifyThatUserRegisterAccountSuccessfully</a>
<div class="">
<span class="badge badge-default">Accounts functionality.VerifyThatUserRegisterAccountSuccessfully</span>
</div>
</td>
</tr>
<tr class="tag-test-status" status="fail">
<td><span class="badge log fail-bg">Fail</span></td>
<td>19:45:35 pm</td>
<td>
<a href="#" class="linked" test-id='9' id='34'>VerifyThatUserShouldLoginAndLogoutSuccessfully</a>
<div class="">
<span class="badge badge-default">Accounts functionality.VerifyThatUserShouldLoginAndLogoutSuccessfully</span>
</div>
</td>
</tr>
<tr class="tag-test-status" status="pass">
<td><span class="badge log pass-bg">Pass</span></td>
<td>19:46:00 pm</td>
<td>
<a href="#" class="linked" test-id='46' id='48'>VerifyUserShouldNavigateToLaptopsAndNotebooksPageSuccessfully</a>
<div class="">
<span class="badge badge-default">Navigate to Top menu pages successfully.VerifyUserShouldNavigateToLaptopsAndNotebooksPageSuccessfully</span>
</div>
</td>
</tr>
</tbody>
</table>
</div>
</li>
<li class="test-item">
<div class="test-detail">
<span class="meta">
<span class='badge log pass-bg'>2</span>
</span>
<p class="name">@author_BP</p>
<p class="duration text-sm">2 tests</p>
</div>
<div class="test-contents d-none">
<div class="info">
<h4>@author_BP</h4>
<span status="pass" class='badge log pass-bg'>2 passed</span>
</div>
<table class='table table-sm mt-4'>
<thead>
<tr>
<th class="status-col">Status</th>
<th class="timestamp-col">Timestamp</th>
<th>TestName</th>
</tr>
</thead>
<tbody>
<tr class="tag-test-status" status="pass">
<td><span class="badge log pass-bg">Pass</span></td>
<td>19:43:33 pm</td>
<td>
<a href="#" class="linked" test-id='1' id='2'>VerifyProductArrangeInAlphaBeticalOrder</a>
<div class="">
<span class="badge badge-default">Desktops Page functionality test.VerifyProductArrangeInAlphaBeticalOrder</span>
</div>
</td>
</tr>
<tr class="tag-test-status" status="pass">
<td><span class="badge log pass-bg">Pass</span></td>
<td>19:46:00 pm</td>
<td>
<a href="#" class="linked" test-id='46' id='48'>VerifyUserShouldNavigateToLaptopsAndNotebooksPageSuccessfully</a>
<div class="">
<span class="badge badge-default">Navigate to Top menu pages successfully.VerifyUserShouldNavigateToLaptopsAndNotebooksPageSuccessfully</span>
</div>
</td>
</tr>
</tbody>
</table>
</div>
</li>
</ul>
</div>
</div>
<div class="test-content scrollable">
<div class="test-content-detail">
<div class="detail-body"></div>
</div>
</div>
</div><div class="test-wrapper row view exception-view attributes-view">
<div class="test-list">
<div class="test-list-tools">
<ul class="tools pull-left"><li><a href=""><span class="font-size-14">Exception</span></a></li></ul>
<ul class="tools text-right"><li><a href="#"><span class="badge badge-primary">1</span></a></li></ul>
</div>
<div class="test-list-wrapper scrollable">
<ul class="test-list-item">
<li class="test-item">
<div class="test-detail">
<span class="meta">
<span class='badge log badge-danger'>4</span>
</span>
<p class="name">org.openqa.selenium.NoSuchElementException</p>
<p class="duration text-sm">4 tests</p>
</div>
<div class="test-contents d-none">
<div class="info">
<h4>org.openqa.selenium.NoSuchElementException</h4>
<span status="fail" class='badge log badge-danger'>4 failed</span>
</div>
<table class='table table-sm mt-4'>
<thead>
<tr>
<th class="status-col">Status</th>
<th class="timestamp-col">Timestamp</th>
<th>TestName</th>
</tr>
</thead>
<tbody>
<tr class="tag-test-status" status="fail">
<td><span class="badge log fail-bg">Fail</span></td>
<td>19:43:45 pm</td>
<td>
<a href="#" class="linked" test-id='9' id='14'>Then Verify the text "Register Account"</a>
<div class="">
<span class="badge badge-default">Accounts functionality.VerifyUserShouldNavigateToRegisterPageSuccessfully.Then Verify the text "Register Account"</span>
</div>
</td>
</tr>
<tr class="tag-test-status" status="fail">
<td><span class="badge log fail-bg">Fail</span></td>
<td>19:44:30 pm</td>
<td>
<a href="#" class="linked" test-id='9' id='20'>Then Verify the text "Returning Customer"</a>
<div class="">
<span class="badge badge-default">Accounts functionality.VerifyUserShouldNavigateToLoginPageSuccessfully.Then Verify the text "Returning Customer"</span>
</div>
</td>
</tr>
<tr class="tag-test-status" status="fail">
<td><span class="badge log fail-bg">Fail</span></td>
<td>19:45:14 pm</td>
<td>
<a href="#" class="linked" test-id='9' id='26'>And I enter First Name and I enter Last Name and I enter Email and I enter Telephone and I enter Password and I enter Password Confirm and I select Subscribe Yes radio button and I click on Privacy Policy check box and I click on Continue button</a>
<div class="">
<span class="badge badge-default">Accounts functionality.VerifyThatUserRegisterAccountSuccessfully.And I enter First Name and I enter Last Name and I enter Email and I enter Telephone and I enter Password and I enter Password Confirm and I select Subscribe Yes radio button and I click on Privacy Policy check box and I click on Continue button</span>
</div>
</td>
</tr>
<tr class="tag-test-status" status="fail">
<td><span class="badge log fail-bg">Fail</span></td>
<td>19:45:39 pm</td>
<td>
<a href="#" class="linked" test-id='9' id='38'>And I enter Email address and Last Name and Password</a>
<div class="">
<span class="badge badge-default">Accounts functionality.VerifyThatUserShouldLoginAndLogoutSuccessfully.And I enter Email address and Last Name and Password</span>
</div>
</td>
</tr>
</tbody>
</table>
</div>
</li>
</ul>
</div>
</div>
<div class="test-content scrollable">
<div class="test-content-detail">
<div class="detail-body"></div>
</div>
</div>
</div>        </div>
      </div>
    </div>
  </div>
<script src="https://cdn.jsdelivr.net/gh/extent-framework/extent-github-cdn@d6562a79075e061305ccfdb82f01e5e195e2d307/spark/js/spark-script.js"></script>
<script type="text/javascript"></script></body>
</html>